Arguments: 
  /usr/local/Cellar/node/10.11.0/bin/node /usr/local/Cellar/yarn/1.10.1/libexec/bin/yarn.js install

PATH: 
  /Users/thomasin/.rbenv/shims:/usr/local/bin:/Library/Frameworks/Python.framework/Versions/3.6/bin:/usr/local/bin:/usr/bin:/bin:/usr/sbin:/sbin:/opt/X11/bin

Yarn version: 
  1.10.1

Node version: 
  10.11.0

Platform: 
  darwin x64

Trace: 
  SyntaxError: /Users/thomasin/Library/Mobile Documents/com~apple~CloudDocs/workspace/aoc/2018/04/package.json: Unexpected token } in JSON at position 361
      at JSON.parse (<anonymous>)
      at /usr/local/Cellar/yarn/1.10.1/libexec/lib/cli.js:1136:59
      at Generator.next (<anonymous>)
      at step (/usr/local/Cellar/yarn/1.10.1/libexec/lib/cli.js:98:30)
      at /usr/local/Cellar/yarn/1.10.1/libexec/lib/cli.js:109:13

npm manifest: 
  {
    "name": "04",
    "version": "1.0.0",
    "main": "index.js",
    "license": "MIT",
    "dependencies": {
      "webpack": "^4.16.1",
      "webpack-cli": "^3.1.0",
      "webpack-combine-loaders": "^2.0.3",
      "webpack-dev-server": "^3.1.5",
      "webpack-serve": "^2.0.2",
      "elm-webpack-loader": "5.0.0",
      "babel-loader": "^7.1.5",
      "babel-core": "^6.26.3",
    }
  }

yarn manifest: 
  No manifest

Lockfile: 
  No lockfile
